"../../../../Users/oliver.boudet/Documents/Projects/langs/dig2/unreal/horror/Content/Mannequin/Character/Mesh/UE4_Mannequin_Skeleton.uasset" 0
"../../../../Users/oliver.boudet/Documents/Projects/langs/dig2/unreal/horror/Content/Mannequin/Animations/ThirdPersonJump_End.uasset" 1
"../../../../Users/oliver.boudet/Documents/Projects/langs/dig2/unreal/horror/Content/Material/Textures/Food/FullPickup_Diffuse.uasset" 2
"../../../../Users/oliver.boudet/Documents/Projects/langs/dig2/unreal/horror/Content/Material/Textures/Food/FullPickup_Diffuse_Mat.uasset" 3
"../../../../Users/oliver.boudet/Documents/Projects/langs/dig2/unreal/horror/Content/Material/Textures/Food/FullPickup_Emmisive.uasset" 4
"../../../../Users/oliver.boudet/Documents/Projects/langs/dig2/unreal/horror/Content/Models/Material_001_Base_Color.uasset" 5
"../../../../Users/oliver.boudet/Documents/Projects/langs/dig2/unreal/horror/Content/StarterContent/Materials/M_Basic_Wall.uasset" 6
"../../../../Users/oliver.boudet/Documents/Projects/langs/dig2/unreal/horror/Content/StarterContent/Architecture/Pillar_50x500.uasset" 7
"../../../../Users/oliver.boudet/Documents/Projects/langs/dig2/unreal/horror/Content/StarterContent/Architecture/Wall_400x300.uasset" 8
"../../../../Users/oliver.boudet/Documents/Projects/langs/dig2/unreal/horror/Content/StarterContent/Architecture/Wall_400x400.uasset" 9
"../../../../Users/oliver.boudet/Documents/Projects/langs/dig2/unreal/horror/Content/StarterContent/Architecture/Wall_500x500.uasset" 10
"../../../../Users/oliver.boudet/Documents/Projects/langs/dig2/unreal/horror/Content/StarterContent/Architecture/Wall_Door_400x400.uasset" 11
"../../../../Users/oliver.boudet/Documents/Projects/langs/dig2/unreal/horror/Content/StarterContent/Architecture/Wall_Window_400x400.uasset" 12
"../../../../Users/oliver.boudet/Documents/Projects/langs/dig2/unreal/horror/Content/StarterContent/Audio/Collapse01.uasset" 13
"../../../../Users/oliver.boudet/Documents/Projects/langs/dig2/unreal/horror/Content/StarterContent/Audio/Collapse02.uasset" 14
"../../../../Users/oliver.boudet/Documents/Projects/langs/dig2/unreal/horror/Content/StarterContent/Audio/Explosion01.uasset" 15
"../../../../Users/oliver.boudet/Documents/Projects/langs/dig2/unreal/horror/Content/StarterContent/Audio/Explosion02.uasset" 16
"../../../../Users/oliver.boudet/Documents/Projects/langs/dig2/unreal/horror/Content/StarterContent/Audio/Fire01.uasset" 17
"../../../../Users/oliver.boudet/Documents/Projects/langs/dig2/unreal/horror/Content/StarterContent/Audio/Fire_Sparks01.uasset" 18
"../../../../Users/oliver.boudet/Documents/Projects/langs/dig2/unreal/horror/Content/StarterContent/Audio/Light01.uasset" 19
"../../../../Users/oliver.boudet/Documents/Projects/langs/dig2/unreal/horror/Content/StarterContent/Audio/Light01_Cue.uasset" 20
"../../../../Users/oliver.boudet/Documents/Projects/langs/dig2/unreal/horror/Content/StarterContent/Audio/Light02.uasset" 21
"../../../../Users/oliver.boudet/Documents/Projects/langs/dig2/unreal/horror/Content/StarterContent/Audio/Light02_Cue.uasset" 22
"../../../../Users/oliver.boudet/Documents/Projects/langs/dig2/unreal/horror/Content/StarterContent/Audio/Smoke01.uasset" 23
"../../../../Users/oliver.boudet/Documents/Projects/langs/dig2/unreal/horror/Content/StarterContent/Audio/Starter_Birds01.uasset" 24
"../../../../Users/oliver.boudet/Documents/Projects/langs/dig2/unreal/horror/Content/StarterContent/Audio/Starter_Music01.uasset" 25
"../../../../Users/oliver.boudet/Documents/Projects/langs/dig2/unreal/horror/Content/StarterContent/Audio/Starter_Wind05.uasset" 26
"../../../../Users/oliver.boudet/Documents/Projects/langs/dig2/unreal/horror/Content/StarterContent/Audio/Starter_Wind06.uasset" 27
"../../../../Users/oliver.boudet/Documents/Projects/langs/dig2/unreal/horror/Content/StarterContent/Audio/Steam01.uasset" 28
"../../../../Users/oliver.boudet/Documents/Projects/langs/dig2/unreal/horror/Content/StarterContent/Audio/Explosion_Cue.uasset" 29
"../../../../Users/oliver.boudet/Documents/Projects/langs/dig2/unreal/horror/Content/StarterContent/Textures/T_Burst_M.uasset" 30
"../../../../Users/oliver.boudet/Documents/Projects/langs/dig2/unreal/horror/Content/StarterContent/Particles/Materials/M_Burst.uasset" 31
"../../../../Users/oliver.boudet/Documents/Projects/langs/dig2/unreal/horror/Content/StarterContent/Textures/T_Explosion_SubUV.uasset" 32
"../../../../Users/oliver.boudet/Documents/Projects/langs/dig2/unreal/horror/Content/StarterContent/Particles/Materials/M_explosion_subUV.uasset" 33
"../../../../Users/oliver.boudet/Documents/Projects/langs/dig2/unreal/horror/Content/StarterContent/Particles/Materials/m_flare_01.uasset" 34
"../../../Engine/Content/Functions/Engine_MaterialFunctions01/Gradient/RadialGradient.uasset" 35
"../../../../Users/oliver.boudet/Documents/Projects/langs/dig2/unreal/horror/Content/StarterContent/Particles/Materials/M_radial_ramp.uasset" 36
"../../../../Users/oliver.boudet/Documents/Projects/langs/dig2/unreal/horror/Content/StarterContent/Textures/T_Smoke_SubUV.uasset" 37
"../../../../Users/oliver.boudet/Documents/Projects/langs/dig2/unreal/horror/Content/StarterContent/Textures/T_Smoke_Tiled_D.uasset" 38
"../../../../Users/oliver.boudet/Documents/Projects/langs/dig2/unreal/horror/Content/StarterContent/Particles/Materials/M_smoke_subUV.uasset" 39
"../../../../Users/oliver.boudet/Documents/Projects/langs/dig2/unreal/horror/Content/StarterContent/Particles/P_Explosion.uasset" 40
"../../../../Users/oliver.boudet/Documents/Projects/langs/dig2/unreal/horror/Content/StarterContent/Blueprints/Blueprint_Effect_Explosion.uasset" 41
"../../../Engine/Content/EditorMeshes/ColorCalibrator/T_ColorGrid.uasset" 42
"../../../../Users/oliver.boudet/Documents/Projects/langs/dig2/unreal/horror/Content/StarterContent/Materials/M_ColorGrid_LowSpec.uasset" 43
"../../../../Users/oliver.boudet/Documents/Projects/langs/dig2/unreal/horror/Content/StarterContent/Textures/T_Bush_D.uasset" 44
"../../../../Users/oliver.boudet/Documents/Projects/langs/dig2/unreal/horror/Content/StarterContent/Textures/T_Bush_N.uasset" 45
"../../../../Users/oliver.boudet/Documents/Projects/langs/dig2/unreal/horror/Content/StarterContent/Props/Materials/M_Bush.uasset" 46
"../../../../Users/oliver.boudet/Documents/Projects/langs/dig2/unreal/horror/Content/StarterContent/Props/SM_Bush.uasset" 47
"../../../../Users/oliver.boudet/Documents/Projects/langs/dig2/unreal/horror/Content/StarterContent/Textures/T_Chair_M.uasset" 48
"../../../../Users/oliver.boudet/Documents/Projects/langs/dig2/unreal/horror/Content/StarterContent/Textures/T_Chair_N.uasset" 49
"../../../../Users/oliver.boudet/Documents/Projects/langs/dig2/unreal/horror/Content/StarterContent/Props/Materials/M_Chair.uasset" 50
"../../../../Users/oliver.boudet/Documents/Projects/langs/dig2/unreal/horror/Content/StarterContent/Props/SM_Couch.uasset" 51
"../../../../Users/oliver.boudet/Documents/Projects/langs/dig2/unreal/horror/Content/StarterContent/Materials/M_Glass.uasset" 52
"../../../../Users/oliver.boudet/Documents/Projects/langs/dig2/unreal/horror/Content/StarterContent/Textures/T_Door_M.uasset" 53
"../../../../Users/oliver.boudet/Documents/Projects/langs/dig2/unreal/horror/Content/StarterContent/Textures/T_Door_N.uasset" 54
"../../../../Users/oliver.boudet/Documents/Projects/langs/dig2/unreal/horror/Content/StarterContent/Props/Materials/M_Door.uasset" 55
"../../../../Users/oliver.boudet/Documents/Projects/langs/dig2/unreal/horror/Content/StarterContent/Props/SM_Door.uasset" 56
"../../../../Users/oliver.boudet/Documents/Projects/langs/dig2/unreal/horror/Content/StarterContent/Props/Materials/M_MaterialSphere.uasset" 57
"../../../../Users/oliver.boudet/Documents/Projects/langs/dig2/unreal/horror/Content/StarterContent/Props/Materials/M_MaterialSphere_Plain.uasset" 58
"../../../../Users/oliver.boudet/Documents/Projects/langs/dig2/unreal/horror/Content/StarterContent/Props/SM_MatPreviewMesh_02.uasset" 59
"../../../Engine/Content/Functions/Engine_MaterialFunctions02/Utility/BlendAngleCorrectedNormals.uasset" 60
"../../../../Users/oliver.boudet/Documents/Projects/langs/dig2/unreal/horror/Content/StarterContent/Textures/T_Detail_Rocky_N.uasset" 61
"../../../../Users/oliver.boudet/Documents/Projects/langs/dig2/unreal/horror/Content/StarterContent/Textures/T_Rock_Basalt_D.uasset" 62
"../../../../Users/oliver.boudet/Documents/Projects/langs/dig2/unreal/horror/Content/StarterContent/Textures/T_RockMesh_M.uasset" 63
"../../../../Users/oliver.boudet/Documents/Projects/langs/dig2/unreal/horror/Content/StarterContent/Textures/T_RockMesh_N.uasset" 64
"../../../../Users/oliver.boudet/Documents/Projects/langs/dig2/unreal/horror/Content/StarterContent/Props/Materials/M_Rock.uasset" 65
"../../../../Users/oliver.boudet/Documents/Projects/langs/dig2/unreal/horror/Content/StarterContent/Props/SM_Rock.uasset" 66
"../../../../Users/oliver.boudet/Documents/Projects/langs/dig2/unreal/horror/Content/StarterContent/Textures/T_Shelf_M.uasset" 67
"../../../../Users/oliver.boudet/Documents/Projects/langs/dig2/unreal/horror/Content/StarterContent/Textures/T_Shelf_N.uasset" 68
"../../../../Users/oliver.boudet/Documents/Projects/langs/dig2/unreal/horror/Content/StarterContent/Props/Materials/M_Shelf.uasset" 69
"../../../../Users/oliver.boudet/Documents/Projects/langs/dig2/unreal/horror/Content/StarterContent/Props/SM_Shelf.uasset" 70
"../../../../Users/oliver.boudet/Documents/Projects/langs/dig2/unreal/horror/Content/StarterContent/Materials/M_Basic_Floor.uasset" 71
"../../../../Users/oliver.boudet/Documents/Projects/langs/dig2/unreal/horror/Content/StarterContent/Props/SM_Stairs.uasset" 72
"../../../../Users/oliver.boudet/Documents/Projects/langs/dig2/unreal/horror/Content/StarterContent/Shapes/Shape_Cone.uasset" 73
"../../../../Users/oliver.boudet/Documents/Projects/langs/dig2/unreal/horror/Content/StarterContent/Shapes/Shape_Cylinder.uasset" 74
"../../../../Users/oliver.boudet/Documents/Projects/langs/dig2/unreal/horror/Content/StarterContent/Shapes/Shape_NarrowCapsule.uasset" 75
"../../../../Users/oliver.boudet/Documents/Projects/langs/dig2/unreal/horror/Content/StarterContent/Shapes/Shape_Pipe.uasset" 76
"../../../../Users/oliver.boudet/Documents/Projects/langs/dig2/unreal/horror/Content/StarterContent/Shapes/Shape_Pipe_180.uasset" 77
"../../../../Users/oliver.boudet/Documents/Projects/langs/dig2/unreal/horror/Content/StarterContent/Shapes/Shape_Pipe_90.uasset" 78
"../../../../Users/oliver.boudet/Documents/Projects/langs/dig2/unreal/horror/Content/StarterContent/Shapes/Shape_Plane.uasset" 79
"../../../../Users/oliver.boudet/Documents/Projects/langs/dig2/unreal/horror/Content/StarterContent/Shapes/Shape_Torus.uasset" 80
"../../../../Users/oliver.boudet/Documents/Projects/langs/dig2/unreal/horror/Content/StarterContent/Shapes/Shape_Trim.uasset" 81
"../../../../Users/oliver.boudet/Documents/Projects/langs/dig2/unreal/horror/Content/StarterContent/Shapes/Shape_Trim_90_In.uasset" 82
"../../../../Users/oliver.boudet/Documents/Projects/langs/dig2/unreal/horror/Content/StarterContent/Shapes/Shape_Trim_90_Out.uasset" 83
"../../../../Users/oliver.boudet/Documents/Projects/langs/dig2/unreal/horror/Content/StarterContent/Shapes/Shape_TriPyramid.uasset" 84
"../../../../Users/oliver.boudet/Documents/Projects/langs/dig2/unreal/horror/Content/StarterContent/Shapes/Shape_Tube.uasset" 85
"../../../../Users/oliver.boudet/Documents/Projects/langs/dig2/unreal/horror/Content/StarterContent/Shapes/Shape_Wedge_A.uasset" 86
"../../../../Users/oliver.boudet/Documents/Projects/langs/dig2/unreal/horror/Content/StarterContent/Shapes/Shape_Wedge_B.uasset" 87
"../../../../Users/oliver.boudet/Documents/Projects/langs/dig2/unreal/horror/Content/StarterContent/Shapes/Shape_WideCapsule.uasset" 88
"../../../../Users/oliver.boudet/Documents/Projects/langs/dig2/unreal/horror/Content/ThirdPersonBP/ThirdPersonOverview.uasset" 89
"../../../../Users/oliver.boudet/Documents/Projects/langs/dig2/unreal/horror/Content/Mannequin/Animations/ThirdPerson_Jump.uasset" 90
"../../../../Users/oliver.boudet/Documents/Projects/langs/dig2/unreal/horror/Content/Mannequin/Animations/ThirdPersonJump_Loop.uasset" 91
"../../../../Users/oliver.boudet/Documents/Projects/langs/dig2/unreal/horror/Content/Mannequin/Animations/ThirdPersonJump_Start.uasset" 92
"../../../../Users/oliver.boudet/Documents/Projects/langs/dig2/unreal/horror/Content/Mannequin/Animations/ThirdPersonIdle.uasset" 93
"../../../../Users/oliver.boudet/Documents/Projects/langs/dig2/unreal/horror/Content/Mannequin/Animations/ThirdPersonRun.uasset" 94
"../../../../Users/oliver.boudet/Documents/Projects/langs/dig2/unreal/horror/Content/Mannequin/Animations/ThirdPersonWalk.uasset" 95
"../../../../Users/oliver.boudet/Documents/Projects/langs/dig2/unreal/horror/Content/Mannequin/Animations/ThirdPerson_IdleRun_2D.uasset" 96
"../../../Engine/Content/EditorBlueprintResources/StandardMacros.uasset" 97
"../../../../Users/oliver.boudet/Documents/Projects/langs/dig2/unreal/horror/Content/Mannequin/Animations/ThirdPerson_AnimBP.uasset" 98
"../../../Engine/Content/Functions/MaterialLayerFunctions/MatLayerBlend_NormalBlend.uasset" 99
"../../../Engine/Content/Functions/MaterialLayerFunctions/MatLayerBlend_Simple.uasset" 100
"../../../../Users/oliver.boudet/Documents/Projects/langs/dig2/unreal/horror/Content/Mannequin/Character/Materials/MaterialLayers/T_ML_Rubber_Blue_01_D.uasset" 101
"../../../../Users/oliver.boudet/Documents/Projects/langs/dig2/unreal/horror/Content/Mannequin/Character/Materials/MaterialLayers/T_ML_Rubber_Blue_01_N.uasset" 102
"../../../../Users/oliver.boudet/Documents/Projects/langs/dig2/unreal/horror/Content/Mannequin/Character/Materials/MaterialLayers/ML_GlossyBlack_Latex_UE4.uasset" 103
"../../../../Users/oliver.boudet/Documents/Projects/langs/dig2/unreal/horror/Content/Mannequin/Character/Materials/MaterialLayers/ML_Plastic_Shiny_Beige.uasset" 104
"../../../../Users/oliver.boudet/Documents/Projects/langs/dig2/unreal/horror/Content/Mannequin/Character/Textures/UE4_LOGO_CARD.uasset" 105
"../../../../Users/oliver.boudet/Documents/Projects/langs/dig2/unreal/horror/Content/Mannequin/Character/Materials/MaterialLayers/ML_Plastic_Shiny_Beige_LOGO.uasset" 106
"../../../../Users/oliver.boudet/Documents/Projects/langs/dig2/unreal/horror/Content/Mannequin/Character/Materials/MaterialLayers/T_ML_Aluminum01.uasset" 107
"../../../../Users/oliver.boudet/Documents/Projects/langs/dig2/unreal/horror/Content/Mannequin/Character/Materials/MaterialLayers/T_ML_Aluminum01_N.uasset" 108
"../../../../Users/oliver.boudet/Documents/Projects/langs/dig2/unreal/horror/Content/Mannequin/Character/Materials/MaterialLayers/ML_SoftMetal_UE4.uasset" 109
"../../../../Users/oliver.boudet/Documents/Projects/langs/dig2/unreal/horror/Content/Mannequin/Character/Textures/UE4_Mannequin__normals.uasset" 110
"../../../../Users/oliver.boudet/Documents/Projects/langs/dig2/unreal/horror/Content/Mannequin/Character/Textures/UE4_Mannequin_MAT_MASKA.uasset" 111
"../../../../Users/oliver.boudet/Documents/Projects/langs/dig2/unreal/horror/Content/Mannequin/Character/Materials/M_UE4Man_Body.uasset" 112
"../../../../Users/oliver.boudet/Documents/Projects/langs/dig2/unreal/horror/Content/Mannequin/Character/Textures/UE4Man_Logo_N.uasset" 113
"../../../../Users/oliver.boudet/Documents/Projects/langs/dig2/unreal/horror/Content/Mannequin/Character/Materials/M_UE4Man_ChestLogo.uasset" 114
"../../../../Users/oliver.boudet/Documents/Projects/langs/dig2/unreal/horror/Content/Mannequin/Character/Mesh/SK_Mannequin_PhysicsAsset.uasset" 115
"../../../../Users/oliver.boudet/Documents/Projects/langs/dig2/unreal/horror/Content/Mannequin/Character/Mesh/SK_Mannequin.uasset" 116
"../../../../Users/oliver.boudet/Documents/Projects/langs/dig2/unreal/horror/Content/ThirdPersonBP/Blueprints/HUDAsset/HungerBarEmpty.uasset" 117
"../../../../Users/oliver.boudet/Documents/Projects/langs/dig2/unreal/horror/Content/ThirdPersonBP/Blueprints/HUDAsset/HungerBarNormal.uasset" 118
"../../../../Users/oliver.boudet/Documents/Projects/langs/dig2/unreal/horror/Content/ThirdPersonBP/Blueprints/HUDAsset/StaminaBarEmpty.uasset" 119
"../../../../Users/oliver.boudet/Documents/Projects/langs/dig2/unreal/horror/Content/ThirdPersonBP/Blueprints/HUDAsset/StaminaBarNormal.uasset" 120
"../../../../Users/oliver.boudet/Documents/Projects/langs/dig2/unreal/horror/Content/Widgets/SurvivalHud.uasset" 121
"../../../../Users/oliver.boudet/Documents/Projects/langs/dig2/unreal/horror/Content/ThirdPersonBP/Blueprints/ThirdPersonCharacter.uasset" 122
"../../../../Users/oliver.boudet/Documents/Projects/langs/dig2/unreal/horror/Content/ThirdPersonBP/Blueprints/ThirdPersonGameMode.uasset" 123
"../../../Engine/Content/Animation/DefaultAnimCurveCompressionSettings.uasset" 124
"../../../Engine/Content/Functions/Engine_MaterialFunctions01/Opacity/CameraDepthFade.uasset" 125
"../../../Engine/Content/EngineMaterials/T_Default_Material_Grid_M.uasset" 126
"../../../Engine/Content/EngineMaterials/T_Default_Material_Grid_N.uasset" 127
"../../../Engine/Content/EngineMaterials/WorldGridMaterial.uasset" 128
"../../../Engine/Content/ArtTools/RenderToTexture/Meshes/S_1_Unit_Plane.uasset" 129
"../../../Engine/Content/EngineMaterials/DefaultMaterial.uasset" 130
"../../../Engine/Content/BasicShapes/Cone.uasset" 131
"../../../Engine/Content/BasicShapes/Cylinder.uasset" 132
"../../../Engine/Content/BasicShapes/Plane.uasset" 133
"../../../Engine/Content/BasicShapes/Sphere.uasset" 134
"../../../Engine/Content/EditorLandscapeResources/DataLayer.uasset" 135
"../../../Engine/Content/EditorMaterials/GizmoMaterial.uasset" 136
"../../../Engine/Content/EditorMaterials/MAT_Groups_Toggle.uasset" 137
"../../../Engine/Content/EditorMaterials/MAT_Groups_Visibility.uasset" 138
"../../../Engine/Content/EditorMaterials/PreviewShadowIndicator.uasset" 139
"../../../Engine/Content/EditorMaterials/PreviewShadowIndicatorMaterial.uasset" 140
"../../../Engine/Content/EditorMaterials/MatineeGroups/MAT_ColorTrack.uasset" 141
"../../../Engine/Content/EditorMaterials/MatineeGroups/MAT_Groups_Anim.uasset" 142
"../../../Engine/Content/EditorMaterials/MatineeGroups/MAT_Groups_AudioMaster.uasset" 143
"../../../Engine/Content/EditorMaterials/MatineeGroups/MAT_Groups_Director.uasset" 144
"../../../Engine/Content/EditorMaterials/MatineeGroups/MAT_Groups_Event.uasset" 145
"../../../Engine/Content/EditorMaterials/MatineeGroups/MAT_Groups_Fade.uasset" 146
"../../../Engine/Content/EditorMaterials/MatineeGroups/MAT_Groups_Float.uasset" 147
"../../../Engine/Content/EditorMaterials/MatineeGroups/MAT_Groups_Move.uasset" 148
"../../../Engine/Content/EditorMaterials/MatineeGroups/MAT_Groups_Slomo.uasset" 149
"../../../Engine/Content/EditorMaterials/MatineeGroups/MAT_Groups_Sound.uasset" 150
"../../../Engine/Content/EditorMaterials/MatineeGroups/MAT_Groups_Vector.uasset" 151
"../../../Engine/Content/EditorMaterials/ParticleSystems/PSysThumbnail_NoImage.uasset" 152
"../../../Engine/Content/EditorMaterials/ParticleSystems/PSysThumbnail_OOD.uasset" 153
"../../../Engine/Content/EditorMaterials/Camera/CineMat.uasset" 154
"../../../Engine/Content/EditorMaterials/Camera/MI_CineMat_Rig.uasset" 155
"../../../Engine/Content/EditorMeshes/Camera/SM_CraneRig_Arm.uasset" 156
"../../../Engine/Content/EditorMeshes/Camera/SM_CraneRig_Base.uasset" 157
"../../../Engine/Content/EditorMeshes/Camera/SM_CraneRig_Body.uasset" 158
"../../../Engine/Content/EditorMeshes/Camera/SM_CraneRig_Mount.uasset" 159
"../../../Engine/Content/EditorMeshes/Camera/SM_RailRig_Mount.uasset" 160
"../../../Engine/Content/EditorMeshes/Camera/SM_RailRig_Track.uasset" 161
"../../../Engine/Content/EditorResources/BSPVertex.uasset" 162
"../../../Engine/Content/EditorResources/EmptyActor.uasset" 163
"../../../Engine/Content/EditorResources/S_Actor.uasset" 164
"../../../Engine/Content/EditorResources/S_Note.uasset" 165
"../../../Engine/Content/EditorResources/S_Solver.uasset" 166
"../../../Engine/Content/EditorResources/S_Trigger.uasset" 167
"../../../Engine/Content/EditorResources/AudioIcons/S_AudioComponent.uasset" 168
"../../../Engine/Content/EditorResources/AudioIcons/S_AudioComponent_AutoActivate.uasset" 169
"../../../Engine/Content/EditorResources/LightIcons/S_LightError.uasset" 170
"../../../Engine/Content/EditorResources/SequenceRecorder/Countdown.uasset" 171
"../../../Engine/Content/EditorResources/SequenceRecorder/RecordingIndicator.uasset" 172
"../../../Engine/Content/EditorSounds/Notifications/CompileFailed.uasset" 173
"../../../Engine/Content/EditorSounds/Notifications/CompileFailed_Cue.uasset" 174
"../../../Engine/Content/EditorSounds/Notifications/CompileSuccess.uasset" 175
"../../../Engine/Content/EditorSounds/Notifications/CompileStart_Cue.uasset" 176
"../../../Engine/Content/EditorSounds/Notifications/CompileSuccess_Cue.uasset" 177
"../../../Engine/Content/EngineDamageTypes/DmgTypeBP_Environmental.uasset" 178
"../../../Engine/Content/EngineDebugMaterials/HeatmapGradient.uasset" 179
"../../../Engine/Content/EngineDebugMaterials/BoneWeightMaterial.uasset" 180
"../../../Engine/Content/EngineDebugMaterials/ClothMaterial.uasset" 181
"../../../Engine/Content/EngineDebugMaterials/ClothMaterial_WF.uasset" 182
"../../../Engine/Content/EngineDebugMaterials/DebugEditorMaterial.uasset" 183
"../../../Engine/Content/EngineDebugMaterials/DebugMeshMaterial.uasset" 184
"../../../Engine/Content/EngineDebugMaterials/GeomMaterial.uasset" 185
"../../../Engine/Content/EngineDebugMaterials/M_SimpleTranslucent.uasset" 186
"../../../Engine/Content/Functions/Engine_MaterialFunctions02/Utility/CameraDirectionVector.uasset" 187
"../../../Engine/Content/EngineDebugMaterials/VolumeToRender.uasset" 188
"../../../Engine/Content/EngineDebugMaterials/M_VolumeRenderSphereTracePP.uasset" 189
"../../../Engine/Content/EngineDebugMaterials/WireframeMaterial.uasset" 190
"../../../Engine/Content/EngineFonts/Faces/RobotoBold.uasset" 191
"../../../Engine/Content/EngineFonts/Faces/RobotoBoldItalic.uasset" 192
"../../../Engine/Content/EngineFonts/Faces/RobotoItalic.uasset" 193
"../../../Engine/Content/EngineFonts/Faces/RobotoLight.uasset" 194
"../../../Engine/Content/EngineFonts/Faces/RobotoRegular.uasset" 195
"../../../Engine/Content/EngineFonts/Roboto.uasset" 196
"../../../Engine/Content/EngineFonts/Faces/RobotoTiny.uasset" 197
"../../../Engine/Content/EngineFonts/RobotoTiny.uasset" 198
"../../../Engine/Content/EngineMaterials/BaseFlattenDiffuseMap.uasset" 199
"../../../Engine/Content/EngineMaterials/BaseFlattenEmissiveMap.uasset" 200
"../../../Engine/Content/EngineMaterials/BaseFlattenGrayscaleMap.uasset" 201
"../../../Engine/Content/EngineMaterials/BaseFlattenNormalMap.uasset" 202
"../../../Engine/Content/EngineMaterials/BaseFlattenMaterial.uasset" 203
"../../../Engine/Content/EngineMaterials/BlueNoise.uasset" 204
"../../../Engine/Content/EngineMaterials/DefaultBloomKernel.uasset" 205
"../../../Engine/Content/EngineMaterials/DefaultBokeh.uasset" 206
"../../../Engine/Content/EngineMaterials/DefaultDiffuse.uasset" 207
"../../../Engine/Content/EngineMaterials/DefaultDeferredDecalMaterial.uasset" 208
"../../../Engine/Content/EngineMaterials/DefaultLightFunctionMaterial.uasset" 209
"../../../Engine/Content/Functions/Engine_MaterialFunctions02/Utility/BreakOutFloat2Components.uasset" 210
"../../../Engine/Content/EngineMaterials/DefaultPostProcessMaterial.uasset" 211
"../../../Engine/Content/EngineFonts/RobotoDistanceField.uasset" 212
"../../../Engine/Content/EngineMaterials/DefaultTextMaterialOpaque.uasset" 213
"../../../Engine/Content/EngineMaterials/DefaultVirtualTextureMaterial.uasset" 214
"../../../Engine/Content/EngineMaterials/DefaultWhiteGrid.uasset" 215
"../../../Engine/Content/EngineMaterials/EditorBrushMaterial.uasset" 216
"../../../Engine/Content/EngineMaterials/DefaultWhiteGrid_Low.uasset" 217
"../../../Engine/Content/EngineMaterials/EmissiveMeshMaterial.uasset" 218
"../../../Engine/Content/EngineMaterials/Good64x64TilingNoiseHighFreq.uasset" 219
"../../../Engine/Content/EngineMaterials/MiniFont.uasset" 220
"../../../Engine/Content/EngineMaterials/InvalidLightmapSettings.uasset" 221
"../../../Engine/Content/EngineMaterials/M_InvalidLightmapSettings.uasset" 222
"../../../Engine/Content/Functions/Engine_MaterialFunctions02/WorldPositionOffset/CameraOffset.uasset" 223
"../../../Engine/Content/EngineMaterials/PhAT_JointLimitMaterial.uasset" 224
"../../../Engine/Content/EngineMaterials/PreintegratedSkinBRDF.uasset" 225
"../../../Engine/Content/EngineMaterials/RemoveSurfaceMaterial.uasset" 226
"../../../Engine/Content/EngineMaterials/WeightMapPlaceholderTexture.uasset" 227
"../../../Engine/Content/EngineResources/WhiteSquareTexture.uasset" 228
"../../../Engine/Content/EngineMaterials/Widget3DPassThrough.uasset" 229
"../../../Engine/Content/EngineMaterials/Widget3DPassThrough_Masked.uasset" 230
"../../../Engine/Content/EngineMaterials/Widget3DPassThrough_Opaque.uasset" 231
"../../../Engine/Content/EngineMaterials/Widget3DPassThrough_Masked_OneSided.uasset" 232
"../../../Engine/Content/EngineMaterials/Widget3DPassThrough_Opaque_OneSided.uasset" 233
"../../../Engine/Content/EngineMaterials/Widget3DPassThrough_Translucent.uasset" 234
"../../../Engine/Content/EngineMaterials/Widget3DPassThrough_Translucent_OneSided.uasset" 235
"../../../Engine/Content/EngineMeshes/Cube.uasset" 236
"../../../Engine/Content/EngineMeshes/Cylinder.uasset" 237
"../../../Engine/Content/EngineMeshes/Sphere.uasset" 238
"../../../Engine/Content/EngineResources/Black.uasset" 239
"../../../Engine/Content/EngineResources/DefaultTexture.uasset" 240
"../../../Engine/Content/EngineResources/DefaultTextureCube.uasset" 241
"../../../Engine/Content/EngineResources/DefaultVolumeTexture2D.uasset" 242
"../../../Engine/Content/EngineResources/DefaultVolumeTexture.uasset" 243
"../../../Engine/Content/EngineResources/GradientTexture0.uasset" 244
"../../../Engine/Content/EngineSounds/Master.uasset" 245
"../../../Engine/Content/Functions/Engine_MaterialFunctions01/Shading/ConvertFromDiffSpec.uasset" 246
"../../../Engine/Content/Functions/Engine_MaterialFunctions01/Shading/PowerToRoughness.uasset" 247
"../../../Engine/Content/Maps/Templates/Thumbnails/Default.uasset" 248
"../../../Engine/Content/Maps/Templates/Thumbnails/VR-Basic.uasset" 249
"../../../Engine/Content/MobileResources/T_MobileControls_texture.uasset" 250
"../../../Engine/Content/MobileResources/T_MobileMenu2.uasset" 251
"../../../Engine/Content/MobileResources/HUD/AnalogHat.uasset" 252
"../../../Engine/Content/MobileResources/HUD/VirtualJoystick_Background.uasset" 253
"../../../Engine/Content/MobileResources/HUD/VirtualJoystick_Thumb.uasset" 254
"../../../Engine/Content/MobileResources/HUD/DefaultVirtualJoysticks.uasset" 255
"../../../Engine/Content/MobileResources/HUD/LeftVirtualJoystickOnly.uasset" 256
"../../../Engine/Content/MobileResources/HUD/MobileHUDButton1_off.uasset" 257
"../../../Engine/Content/MobileResources/HUD/MobileHUDButton1_on.uasset" 258
"../../../Engine/Content/MobileResources/HUD/MobileHUDButton2_off.uasset" 259
"../../../Engine/Content/MobileResources/HUD/MobileHUDButton2_on.uasset" 260
"../../../Engine/Content/MobileResources/HUD/MobileHUDButton3.uasset" 261
"../../../Engine/Content/MobileResources/HUD/MobileHUDButtonFire.uasset" 262
"../../../Engine/Content/MobileResources/HUD/MobileHUDDirectionPad.uasset" 263
"../../../Engine/Content/MobileResources/HUD/MobileHUDDirectionPad2.uasset" 264
"../../../Engine/Content/MobileResources/HUD/MobileHUDDirectionPad3.uasset" 265
"../../../Engine/Content/MobileResources/HUD/MobileHUDDirectionStick.uasset" 266
"../../../Engine/Content/MobileResources/HUD/T_Castle_ThumbstickInner.uasset" 267
"../../../Engine/Content/MobileResources/HUD/T_Castle_ThumbstickOutter.uasset" 268
"../../../Engine/Content/Tutorial/ContentIntroCurve.uasset" 269
"../../../Engine/Content/Tutorial/Basics/LevelEditorAttract.uasset" 270
"../../../Engine/Content/Tutorial/Basics/TutorialAssets/icon_tab_Levels_40x.uasset" 271
"../../../Engine/Content/Tutorial/Basics/LevelEditorOverview.uasset" 272
"../../../Engine/Content/Tutorial/BlueprintTutorials/TutorialAssets/Blueprint_64x.uasset" 273
"../../../Engine/Content/Tutorial/BlueprintTutorials/BlueprintEditorTutorial.uasset" 274
"../../../Engine/Content/Tutorial/BlueprintTutorials/LevelBlueprintEditorOverview.uasset" 275
"../../../Engine/Content/Tutorial/Landscape/TutorialAssets/Landscape.uasset" 276
"../../../Engine/Content/Tutorial/Landscape/LandscapeWalkThrough.uasset" 277
"../../../Engine/Content/Tutorial/Landscape/Landscape_Manage_Mode.uasset" 278
"../../../Engine/Content/Tutorial/Landscape/Landscape_Painting_Mode.uasset" 279
"../../../Engine/Content/Tutorial/Landscape/Landscape_Sculpt_Mode.uasset" 280
"../../../Engine/Content/Tutorial/SubEditors/StaticMeshEditorTutorial.uasset" 281
"../../../Engine/Content/VREditor/LaserPointer/VR_LaserPower_01.uasset" 282
"../../../Engine/Content/VREditor/TransformGizmo/TransformGizmoMaterial.uasset" 283
"../../../Engine/Content/VREditor/TransformGizmo/TranslucentTransformGizmoMaterial.uasset" 284
"../../../Engine/Content/VREditor/TransformGizmo/BoundingBoxCorner.uasset" 285
"../../../Engine/Content/VREditor/TransformGizmo/BoundingBoxEdge.uasset" 286
"../../../Engine/Content/VREditor/TransformGizmo/PlaneTranslationHandle.uasset" 287
"../../../Engine/Content/VREditor/TransformGizmo/Main.uasset" 288
"../../../Engine/Content/VREditor/TransformGizmo/Xray.uasset" 289
"../../../Engine/Content/VREditor/TransformGizmo/SM_Sequencer_Key.uasset" 290
"../../../Engine/Content/VREditor/TransformGizmo/SM_Sequencer_Node.uasset" 291
"../../Plugins/2D/Paper2D/Content/PlaceholderTextures/DummySpriteTexture.uasset" 292
"../../Plugins/2D/Paper2D/Content/DummySprite.uasset" 293
"../../Plugins/2D/Paper2D/Content/DefaultPaperTerrainMaterial.uasset" 294
"../../Plugins/2D/Paper2D/Content/DummySpriteTexture.uasset" 295
"../../Plugins/2D/Paper2D/Content/DefaultSpriteMaterial.uasset" 296
"../../Plugins/2D/Paper2D/Content/MaskedUnlitSpriteMaterial.uasset" 297
"../../Plugins/2D/Paper2D/Content/OpaqueUnlitSpriteMaterial.uasset" 298
"../../Plugins/Runtime/Oculus/OculusVR/Content/OculusMR_RenderTarget.uasset" 299
"../../../Engine/Content/Functions/Engine_MaterialFunctions02/Utility/BreakOutFloat4Components.uasset" 300
"../../../Engine/Content/Functions/Engine_MaterialFunctions02/Utility/MakeFloat2.uasset" 301
"../../../Engine/Content/Functions/Engine_MaterialFunctions02/Utility/MakeFloat3.uasset" 302
"../../Plugins/Runtime/Oculus/OculusVR/Content/Materials/OculusMR_ChromaKey.uasset" 303
"../../Plugins/Runtime/Oculus/OculusVR/Content/Materials/OculusMR_ChromaKey_Lit.uasset" 304
"../../Plugins/Runtime/Oculus/OculusVR/Content/Materials/OculusMR_OpaqueColoredMaterial.uasset" 305
"../../Plugins/Runtime/Oculus/OculusVR/Content/Materials/OculusMR_WhiteMaterial.uasset" 306
"../../../../Users/oliver.boudet/Documents/Projects/langs/dig2/unreal/horror/Content/StarterContent/Blueprints/Assets/FogBrightnessLUT.uasset" 307
"../../../../Users/oliver.boudet/Documents/Projects/langs/dig2/unreal/horror/Content/StarterContent/Blueprints/Assets/SunlightColorLUT.uasset" 308
"../../../../Users/oliver.boudet/Documents/Projects/langs/dig2/unreal/horror/Content/StarterContent/Blueprints/Assets/M_LightStage_Arrows.uasset" 309
"../../../Engine/Content/MapTemplates/Sky/DaylightAmbientCubemap.uasset" 310
"../../../../Users/oliver.boudet/Documents/Projects/langs/dig2/unreal/horror/Content/StarterContent/Blueprints/Assets/M_LightStage_Skybox_Master.uasset" 311
"../../../../Users/oliver.boudet/Documents/Projects/langs/dig2/unreal/horror/Content/StarterContent/Blueprints/Assets/M_LightStage_Skybox_Black.uasset" 312
"../../../../Users/oliver.boudet/Documents/Projects/langs/dig2/unreal/horror/Content/StarterContent/Blueprints/Assets/M_LightStage_Skybox_HDRI.uasset" 313
"../../../Engine/Content/EditorMaterials/Thumbnails/SkySphereMaterial.uasset" 314
"../../../../Users/oliver.boudet/Documents/Projects/langs/dig2/unreal/horror/Content/StarterContent/Blueprints/Assets/Skybox.uasset" 315
"../../../../Users/oliver.boudet/Documents/Projects/langs/dig2/unreal/horror/Content/StarterContent/Blueprints/Assets/SM_Arrows.uasset" 316
"../../../../Users/oliver.boudet/Documents/Projects/langs/dig2/unreal/horror/Content/StarterContent/HDRI/HDRI_Epic_Courtyard_Daylight.uasset" 317
"../../../../Users/oliver.boudet/Documents/Projects/langs/dig2/unreal/horror/Content/StarterContent/Blueprints/BP_LightStudio.uasset" 318
"../../../../Users/oliver.boudet/Documents/Projects/langs/dig2/unreal/horror/Content/StarterContent/Maps/Advanced_Lighting_BuiltData.uasset" 319
"../../../../Users/oliver.boudet/Documents/Projects/langs/dig2/unreal/horror/Content/StarterContent/Materials/M_AssetPlatform.uasset" 320
"../../../Engine/Content/EditorMeshes/ColorCalibrator/M_ChromeBall.uasset" 321
"../../../Engine/Content/EditorMeshes/ColorCalibrator/M_ClearCoat.uasset" 322
"../../../Engine/Content/EditorMeshes/ColorCalibrator/M_ClearCoatBlack.uasset" 323
"../../../Engine/Content/EditorMeshes/ColorCalibrator/Color_checker.uasset" 324
"../../../Engine/Content/EditorMeshes/ColorCalibrator/M_ColorGrid.uasset" 325
"../../../Engine/Content/EditorMeshes/ColorCalibrator/M_GreyBall.uasset" 326
"../../../Engine/Content/EditorMeshes/ColorCalibrator/SM_ColorCalibrator.uasset" 327
"../../../../Users/oliver.boudet/Documents/Projects/langs/dig2/unreal/horror/Content/StarterContent/Architecture/SM_AssetPlatform.uasset" 328
"../../../../Users/oliver.boudet/Documents/Projects/langs/dig2/unreal/horror/Content/StarterContent/Maps/Advanced_Lighting.umap" 329
"../../../Engine/Content/EngineSky/C_Sky_Cloud_Color.uasset" 330
"../../../Engine/Content/EngineSky/C_Sky_Horizon_Color.uasset" 331
"../../../Engine/Content/EngineSky/C_Sky_Zenith_Color.uasset" 332
"../../../Engine/Content/EngineSky/T_Sky_Blue.uasset" 333
"../../../Engine/Content/EngineSky/T_Sky_Clouds_M.uasset" 334
"../../../Engine/Content/EngineSky/T_Sky_Stars.uasset" 335
"../../../Engine/Content/EngineSky/M_Sky_Panning_Clouds2.uasset" 336
"../../../Engine/Content/EngineSky/SM_SkySphere.uasset" 337
"../../../Engine/Content/EngineSky/BP_Sky_Sphere.uasset" 338
"../../../../Users/oliver.boudet/Documents/Projects/langs/dig2/unreal/horror/Content/StarterContent/Maps/Minimal_Default_BuiltData.uasset" 339
"../../../../Users/oliver.boudet/Documents/Projects/langs/dig2/unreal/horror/Content/StarterContent/Textures/T_MacroVariation.uasset" 340
"../../../../Users/oliver.boudet/Documents/Projects/langs/dig2/unreal/horror/Content/StarterContent/Materials/M_Metal_Brushed_Nickel.uasset" 341
"../../../../Users/oliver.boudet/Documents/Projects/langs/dig2/unreal/horror/Content/StarterContent/Textures/T_Metal_Aluminum_D.uasset" 342
"../../../../Users/oliver.boudet/Documents/Projects/langs/dig2/unreal/horror/Content/StarterContent/Textures/T_Metal_Gold_N.uasset" 343
"../../../../Users/oliver.boudet/Documents/Projects/langs/dig2/unreal/horror/Content/StarterContent/Materials/M_Metal_Burnished_Steel.uasset" 344
"../../../../Users/oliver.boudet/Documents/Projects/langs/dig2/unreal/horror/Content/StarterContent/Textures/T_Metal_Copper_D.uasset" 345
"../../../../Users/oliver.boudet/Documents/Projects/langs/dig2/unreal/horror/Content/StarterContent/Materials/M_Metal_Copper.uasset" 346
"../../../../Users/oliver.boudet/Documents/Projects/langs/dig2/unreal/horror/Content/StarterContent/Textures/T_Statue_M.uasset" 347
"../../../../Users/oliver.boudet/Documents/Projects/langs/dig2/unreal/horror/Content/StarterContent/Textures/T_Statue_N.uasset" 348
"../../../../Users/oliver.boudet/Documents/Projects/langs/dig2/unreal/horror/Content/StarterContent/Props/Materials/M_StatueGlass.uasset" 349
"../../../../Users/oliver.boudet/Documents/Projects/langs/dig2/unreal/horror/Content/StarterContent/Architecture/Floor_400x400.uasset" 350
"../../../../Users/oliver.boudet/Documents/Projects/langs/dig2/unreal/horror/Content/StarterContent/Audio/Starter_Background_Cue.uasset" 351
"../../../../Users/oliver.boudet/Documents/Projects/langs/dig2/unreal/horror/Content/StarterContent/Props/SM_Chair.uasset" 352
"../../../../Users/oliver.boudet/Documents/Projects/langs/dig2/unreal/horror/Content/StarterContent/Props/Materials/M_Statue.uasset" 353
"../../../../Users/oliver.boudet/Documents/Projects/langs/dig2/unreal/horror/Content/StarterContent/Props/SM_Statue.uasset" 354
"../../../../Users/oliver.boudet/Documents/Projects/langs/dig2/unreal/horror/Content/StarterContent/Textures/T_TableRound_M.uasset" 355
"../../../../Users/oliver.boudet/Documents/Projects/langs/dig2/unreal/horror/Content/StarterContent/Textures/T_TableRound_N.uasset" 356
"../../../../Users/oliver.boudet/Documents/Projects/langs/dig2/unreal/horror/Content/StarterContent/Props/Materials/M_TableRound.uasset" 357
"../../../../Users/oliver.boudet/Documents/Projects/langs/dig2/unreal/horror/Content/StarterContent/Props/SM_TableRound.uasset" 358
"../../../../Users/oliver.boudet/Documents/Projects/langs/dig2/unreal/horror/Content/StarterContent/Maps/Minimal_Default.umap" 359
"../../../../Users/oliver.boudet/Documents/Projects/langs/dig2/unreal/horror/Content/StarterContent/Audio/Fire01_Cue.uasset" 360
"../../../../Users/oliver.boudet/Documents/Projects/langs/dig2/unreal/horror/Content/StarterContent/Textures/T_Fire_SubUV.uasset" 361
"../../../../Users/oliver.boudet/Documents/Projects/langs/dig2/unreal/horror/Content/StarterContent/Textures/T_Fire_Tiled_D.uasset" 362
"../../../../Users/oliver.boudet/Documents/Projects/langs/dig2/unreal/horror/Content/StarterContent/Particles/Materials/M_Fire_SubUV.uasset" 363
"../../../../Users/oliver.boudet/Documents/Projects/langs/dig2/unreal/horror/Content/StarterContent/Textures/T_Water_N.uasset" 364
"../../../../Users/oliver.boudet/Documents/Projects/langs/dig2/unreal/horror/Content/StarterContent/Particles/Materials/M_Heat_Distortion.uasset" 365
"../../../../Users/oliver.boudet/Documents/Projects/langs/dig2/unreal/horror/Content/StarterContent/Particles/Materials/M_Radial_Gradient.uasset" 366
"../../../../Users/oliver.boudet/Documents/Projects/langs/dig2/unreal/horror/Content/StarterContent/Particles/P_Fire.uasset" 367
"../../../../Users/oliver.boudet/Documents/Projects/langs/dig2/unreal/horror/Content/StarterContent/Blueprints/Blueprint_Effect_Fire.uasset" 368
"../../../../Users/oliver.boudet/Documents/Projects/langs/dig2/unreal/horror/Content/StarterContent/Audio/Smoke01_Cue.uasset" 369
"../../../../Users/oliver.boudet/Documents/Projects/langs/dig2/unreal/horror/Content/StarterContent/Particles/P_Smoke.uasset" 370
"../../../../Users/oliver.boudet/Documents/Projects/langs/dig2/unreal/horror/Content/StarterContent/Blueprints/Blueprint_Effect_Smoke.uasset" 371
"../../../../Users/oliver.boudet/Documents/Projects/langs/dig2/unreal/horror/Content/StarterContent/Audio/Fire_Sparks01_Cue.uasset" 372
"../../../../Users/oliver.boudet/Documents/Projects/langs/dig2/unreal/horror/Content/StarterContent/Textures/T_Spark_Core.uasset" 373
"../../../../Users/oliver.boudet/Documents/Projects/langs/dig2/unreal/horror/Content/StarterContent/Particles/Materials/M_Spark.uasset" 374
"../../../../Users/oliver.boudet/Documents/Projects/langs/dig2/unreal/horror/Content/StarterContent/Particles/P_Sparks.uasset" 375
"../../../../Users/oliver.boudet/Documents/Projects/langs/dig2/unreal/horror/Content/StarterContent/Blueprints/Blueprint_Effect_Sparks.uasset" 376
"../../../../Users/oliver.boudet/Documents/Projects/langs/dig2/unreal/horror/Content/StarterContent/Audio/Steam01_Cue.uasset" 377
"../../../../Users/oliver.boudet/Documents/Projects/langs/dig2/unreal/horror/Content/StarterContent/Particles/P_Steam_Lit.uasset" 378
"../../../../Users/oliver.boudet/Documents/Projects/langs/dig2/unreal/horror/Content/StarterContent/Blueprints/Blueprint_Effect_Steam.uasset" 379
"../../../../Users/oliver.boudet/Documents/Projects/langs/dig2/unreal/horror/Content/StarterContent/Textures/T_Lamp_M.uasset" 380
"../../../../Users/oliver.boudet/Documents/Projects/langs/dig2/unreal/horror/Content/StarterContent/Textures/T_Lamp_N.uasset" 381
"../../../../Users/oliver.boudet/Documents/Projects/langs/dig2/unreal/horror/Content/StarterContent/Props/Materials/M_Lamp.uasset" 382
"../../../../Users/oliver.boudet/Documents/Projects/langs/dig2/unreal/horror/Content/StarterContent/Props/SM_Lamp_Ceiling.uasset" 383
"../../../../Users/oliver.boudet/Documents/Projects/langs/dig2/unreal/horror/Content/StarterContent/Blueprints/Blueprint_CeilingLight.uasset" 384
"../../../../Users/oliver.boudet/Documents/Projects/langs/dig2/unreal/horror/Content/StarterContent/Props/SM_Lamp_Wall.uasset" 385
"../../../../Users/oliver.boudet/Documents/Projects/langs/dig2/unreal/horror/Content/StarterContent/Blueprints/Blueprint_WallSconce.uasset" 386
"../../../../Users/oliver.boudet/Documents/Projects/langs/dig2/unreal/horror/Content/StarterContent/Maps/StarterMap_BuiltData.uasset" 387
"../../../Engine/Content/Functions/Engine_MaterialFunctions03/Procedurals/ComputeFilterWidth.uasset" 388
"../../../Engine/Content/EngineMaterials/AntiAliasedTextMaterialTranslucent.uasset" 389
"../../../../Users/oliver.boudet/Documents/Projects/langs/dig2/unreal/horror/Content/StarterContent/Textures/T_Brick_Clay_Beveled_D.uasset" 390
"../../../../Users/oliver.boudet/Documents/Projects/langs/dig2/unreal/horror/Content/StarterContent/Textures/T_Brick_Clay_Beveled_M.uasset" 391
"../../../../Users/oliver.boudet/Documents/Projects/langs/dig2/unreal/horror/Content/StarterContent/Textures/T_Brick_Clay_Beveled_N.uasset" 392
"../../../../Users/oliver.boudet/Documents/Projects/langs/dig2/unreal/horror/Content/StarterContent/Materials/M_Brick_Clay_Beveled.uasset" 393
"../../../../Users/oliver.boudet/Documents/Projects/langs/dig2/unreal/horror/Content/StarterContent/Textures/T_Brick_Clay_New_D.uasset" 394
"../../../../Users/oliver.boudet/Documents/Projects/langs/dig2/unreal/horror/Content/StarterContent/Textures/T_Brick_Clay_New_M.uasset" 395
"../../../../Users/oliver.boudet/Documents/Projects/langs/dig2/unreal/horror/Content/StarterContent/Textures/T_Brick_Clay_New_N.uasset" 396
"../../../../Users/oliver.boudet/Documents/Projects/langs/dig2/unreal/horror/Content/StarterContent/Materials/M_Brick_Clay_New.uasset" 397
"../../../../Users/oliver.boudet/Documents/Projects/langs/dig2/unreal/horror/Content/StarterContent/Textures/T_Brick_Clay_Old_D.uasset" 398
"../../../../Users/oliver.boudet/Documents/Projects/langs/dig2/unreal/horror/Content/StarterContent/Textures/T_Brick_Clay_Old_N.uasset" 399
"../../../../Users/oliver.boudet/Documents/Projects/langs/dig2/unreal/horror/Content/StarterContent/Textures/T_Perlin_Noise_M.uasset" 400
"../../../../Users/oliver.boudet/Documents/Projects/langs/dig2/unreal/horror/Content/StarterContent/Materials/M_Brick_Clay_Old.uasset" 401
"../../../../Users/oliver.boudet/Documents/Projects/langs/dig2/unreal/horror/Content/StarterContent/Textures/T_Brick_Cut_Stone_D.uasset" 402
"../../../../Users/oliver.boudet/Documents/Projects/langs/dig2/unreal/horror/Content/StarterContent/Textures/T_Brick_Cut_Stone_N.uasset" 403
"../../../../Users/oliver.boudet/Documents/Projects/langs/dig2/unreal/horror/Content/StarterContent/Materials/M_Brick_Cut_Stone.uasset" 404
"../../../../Users/oliver.boudet/Documents/Projects/langs/dig2/unreal/horror/Content/StarterContent/Textures/T_Brick_Hewn_Stone_D.uasset" 405
"../../../../Users/oliver.boudet/Documents/Projects/langs/dig2/unreal/horror/Content/StarterContent/Textures/T_Brick_Hewn_Stone_M.uasset" 406
"../../../../Users/oliver.boudet/Documents/Projects/langs/dig2/unreal/horror/Content/StarterContent/Textures/T_Brick_Hewn_Stone_N.uasset" 407
"../../../../Users/oliver.boudet/Documents/Projects/langs/dig2/unreal/horror/Content/StarterContent/Materials/M_Brick_Hewn_Stone.uasset" 408
"../../../../Users/oliver.boudet/Documents/Projects/langs/dig2/unreal/horror/Content/StarterContent/Textures/T_Ceramic_Tile_M.uasset" 409
"../../../../Users/oliver.boudet/Documents/Projects/langs/dig2/unreal/horror/Content/StarterContent/Textures/T_Ceramic_Tile_N.uasset" 410
"../../../../Users/oliver.boudet/Documents/Projects/langs/dig2/unreal/horror/Content/StarterContent/Textures/T_Rock_Marble_Polished_D.uasset" 411
"../../../../Users/oliver.boudet/Documents/Projects/langs/dig2/unreal/horror/Content/StarterContent/Materials/M_Ceramic_Tile_Checker.uasset" 412
"../../../../Users/oliver.boudet/Documents/Projects/langs/dig2/unreal/horror/Content/StarterContent/Textures/T_CobbleStone_Pebble_D.uasset" 413
"../../../../Users/oliver.boudet/Documents/Projects/langs/dig2/unreal/horror/Content/StarterContent/Textures/T_CobbleStone_Pebble_M.uasset" 414
"../../../../Users/oliver.boudet/Documents/Projects/langs/dig2/unreal/horror/Content/StarterContent/Textures/T_CobbleStone_Pebble_N.uasset" 415
"../../../../Users/oliver.boudet/Documents/Projects/langs/dig2/unreal/horror/Content/StarterContent/Materials/M_CobbleStone_Pebble.uasset" 416
"../../../../Users/oliver.boudet/Documents/Projects/langs/dig2/unreal/horror/Content/StarterContent/Textures/T_CobbleStone_Rough_D.uasset" 417
"../../../../Users/oliver.boudet/Documents/Projects/langs/dig2/unreal/horror/Content/StarterContent/Textures/T_CobbleStone_Rough_N.uasset" 418
"../../../../Users/oliver.boudet/Documents/Projects/langs/dig2/unreal/horror/Content/StarterContent/Textures/T_Gradinet_01.uasset" 419
"../../../../Users/oliver.boudet/Documents/Projects/langs/dig2/unreal/horror/Content/StarterContent/Textures/T_Rock_Smooth_Granite_D.uasset" 420
"../../../../Users/oliver.boudet/Documents/Projects/langs/dig2/unreal/horror/Content/StarterContent/Materials/M_CobbleStone_Rough.uasset" 421
"../../../../Users/oliver.boudet/Documents/Projects/langs/dig2/unreal/horror/Content/StarterContent/Textures/T_CobbleStone_Smooth_D.uasset" 422
"../../../../Users/oliver.boudet/Documents/Projects/langs/dig2/unreal/horror/Content/StarterContent/Textures/T_CobbleStone_Smooth_M.uasset" 423
"../../../../Users/oliver.boudet/Documents/Projects/langs/dig2/unreal/horror/Content/StarterContent/Textures/T_CobbleStone_Smooth_N.uasset" 424
"../../../../Users/oliver.boudet/Documents/Projects/langs/dig2/unreal/horror/Content/StarterContent/Materials/M_CobbleStone_Smooth.uasset" 425
"../../../../Users/oliver.boudet/Documents/Projects/langs/dig2/unreal/horror/Content/StarterContent/Textures/T_Concrete_Grime_D.uasset" 426
"../../../../Users/oliver.boudet/Documents/Projects/langs/dig2/unreal/horror/Content/StarterContent/Textures/T_Metal_Rust_N.uasset" 427
"../../../../Users/oliver.boudet/Documents/Projects/langs/dig2/unreal/horror/Content/StarterContent/Materials/M_Concrete_Grime.uasset" 428
"../../../../Users/oliver.boudet/Documents/Projects/langs/dig2/unreal/horror/Content/StarterContent/Textures/T_Concrete_Panels_D.uasset" 429
"../../../../Users/oliver.boudet/Documents/Projects/langs/dig2/unreal/horror/Content/StarterContent/Textures/T_Concrete_Panels_N.uasset" 430
"../../../../Users/oliver.boudet/Documents/Projects/langs/dig2/unreal/horror/Content/StarterContent/Materials/M_Concrete_Panels.uasset" 431
"../../../../Users/oliver.boudet/Documents/Projects/langs/dig2/unreal/horror/Content/StarterContent/Textures/T_Concrete_Poured_D.uasset" 432
"../../../../Users/oliver.boudet/Documents/Projects/langs/dig2/unreal/horror/Content/StarterContent/Textures/T_Concrete_Poured_N.uasset" 433
"../../../../Users/oliver.boudet/Documents/Projects/langs/dig2/unreal/horror/Content/StarterContent/Materials/M_Concrete_Poured.uasset" 434
"../../../../Users/oliver.boudet/Documents/Projects/langs/dig2/unreal/horror/Content/StarterContent/Textures/T_Concrete_Tiles_D.uasset" 435
"../../../../Users/oliver.boudet/Documents/Projects/langs/dig2/unreal/horror/Content/StarterContent/Textures/T_Concrete_Tiles_M.uasset" 436
"../../../../Users/oliver.boudet/Documents/Projects/langs/dig2/unreal/horror/Content/StarterContent/Textures/T_Concrete_Tiles_N.uasset" 437
"../../../../Users/oliver.boudet/Documents/Projects/langs/dig2/unreal/horror/Content/StarterContent/Textures/T_Concrete_Tiles_Variation_M.uasset" 438
"../../../../Users/oliver.boudet/Documents/Projects/langs/dig2/unreal/horror/Content/StarterContent/Materials/M_Concrete_Tiles.uasset" 439
"../../../../Users/oliver.boudet/Documents/Projects/langs/dig2/unreal/horror/Content/StarterContent/Textures/T_Ground_Grass_D.uasset" 440
"../../../../Users/oliver.boudet/Documents/Projects/langs/dig2/unreal/horror/Content/StarterContent/Textures/T_Ground_Grass_N.uasset" 441
"../../../../Users/oliver.boudet/Documents/Projects/langs/dig2/unreal/horror/Content/StarterContent/Materials/M_Ground_Grass.uasset" 442
"../../../../Users/oliver.boudet/Documents/Projects/langs/dig2/unreal/horror/Content/StarterContent/Textures/T_Ground_Gravel_D.uasset" 443
"../../../../Users/oliver.boudet/Documents/Projects/langs/dig2/unreal/horror/Content/StarterContent/Textures/T_Ground_Gravel_N.uasset" 444
"../../../../Users/oliver.boudet/Documents/Projects/langs/dig2/unreal/horror/Content/StarterContent/Materials/M_Ground_Gravel.uasset" 445
"../../../../Users/oliver.boudet/Documents/Projects/langs/dig2/unreal/horror/Content/StarterContent/Textures/T_ground_Moss_D.uasset" 446
"../../../../Users/oliver.boudet/Documents/Projects/langs/dig2/unreal/horror/Content/StarterContent/Textures/T_Ground_Moss_N.uasset" 447
"../../../../Users/oliver.boudet/Documents/Projects/langs/dig2/unreal/horror/Content/StarterContent/Materials/M_Ground_Moss.uasset" 448
"../../../../Users/oliver.boudet/Documents/Projects/langs/dig2/unreal/horror/Content/StarterContent/Materials/M_Metal_Chrome.uasset" 449
"../../../../Users/oliver.boudet/Documents/Projects/langs/dig2/unreal/horror/Content/StarterContent/Textures/T_Metal_Gold_D.uasset" 450
"../../../../Users/oliver.boudet/Documents/Projects/langs/dig2/unreal/horror/Content/StarterContent/Materials/M_Metal_Gold.uasset" 451
"../../../../Users/oliver.boudet/Documents/Projects/langs/dig2/unreal/horror/Content/StarterContent/Textures/T_Metal_Rust_D.uasset" 452
"../../../../Users/oliver.boudet/Documents/Projects/langs/dig2/unreal/horror/Content/StarterContent/Materials/M_Metal_Rust.uasset" 453
"../../../../Users/oliver.boudet/Documents/Projects/langs/dig2/unreal/horror/Content/StarterContent/Textures/T_Metal_Steel_D.uasset" 454
"../../../../Users/oliver.boudet/Documents/Projects/langs/dig2/unreal/horror/Content/StarterContent/Textures/T_Metal_Steel_N.uasset" 455
"../../../../Users/oliver.boudet/Documents/Projects/langs/dig2/unreal/horror/Content/StarterContent/Materials/M_Metal_Steel.uasset" 456
"../../../../Users/oliver.boudet/Documents/Projects/langs/dig2/unreal/horror/Content/StarterContent/Textures/T_Rock_Basalt_N.uasset" 457
"../../../../Users/oliver.boudet/Documents/Projects/langs/dig2/unreal/horror/Content/StarterContent/Materials/M_Rock_Basalt.uasset" 458
"../../../../Users/oliver.boudet/Documents/Projects/langs/dig2/unreal/horror/Content/StarterContent/Materials/M_Rock_Marble_Polished.uasset" 459
"../../../../Users/oliver.boudet/Documents/Projects/langs/dig2/unreal/horror/Content/StarterContent/Textures/T_Rock_Sandstone_D.uasset" 460
"../../../../Users/oliver.boudet/Documents/Projects/langs/dig2/unreal/horror/Content/StarterContent/Textures/T_Rock_Sandstone_N.uasset" 461
"../../../../Users/oliver.boudet/Documents/Projects/langs/dig2/unreal/horror/Content/StarterContent/Materials/M_Rock_Sandstone.uasset" 462
"../../../../Users/oliver.boudet/Documents/Projects/langs/dig2/unreal/horror/Content/StarterContent/Textures/T_Rock_Slate_D.uasset" 463
"../../../../Users/oliver.boudet/Documents/Projects/langs/dig2/unreal/horror/Content/StarterContent/Textures/T_Rock_Slate_N.uasset" 464
"../../../../Users/oliver.boudet/Documents/Projects/langs/dig2/unreal/horror/Content/StarterContent/Materials/M_Rock_Slate.uasset" 465
"../../../../Users/oliver.boudet/Documents/Projects/langs/dig2/unreal/horror/Content/StarterContent/Textures/T_Checker_Noise_M.uasset" 466
"../../../../Users/oliver.boudet/Documents/Projects/langs/dig2/unreal/horror/Content/StarterContent/Textures/T_Single_Tile_N.uasset" 467
"../../../../Users/oliver.boudet/Documents/Projects/langs/dig2/unreal/horror/Content/StarterContent/Textures/T_Tech_Dot_M.uasset" 468
"../../../../Users/oliver.boudet/Documents/Projects/langs/dig2/unreal/horror/Content/StarterContent/Textures/T_Tech_Dot_N.uasset" 469
"../../../../Users/oliver.boudet/Documents/Projects/langs/dig2/unreal/horror/Content/StarterContent/Materials/M_Tech_Checker_Dot.uasset" 470
"../../../../Users/oliver.boudet/Documents/Projects/langs/dig2/unreal/horror/Content/StarterContent/Textures/T_Tech_Hex_Tile_M.uasset" 471
"../../../../Users/oliver.boudet/Documents/Projects/langs/dig2/unreal/horror/Content/StarterContent/Textures/T_Tech_Hex_Tile_N.uasset" 472
"../../../../Users/oliver.boudet/Documents/Projects/langs/dig2/unreal/horror/Content/StarterContent/Materials/M_Tech_Hex_Tile.uasset" 473
"../../../../Users/oliver.boudet/Documents/Projects/langs/dig2/unreal/horror/Content/StarterContent/Materials/M_Tech_Hex_Tile_Pulse.uasset" 474
"../../../../Users/oliver.boudet/Documents/Projects/langs/dig2/unreal/horror/Content/StarterContent/Textures/T_Tech_Panel_M.uasset" 475
"../../../../Users/oliver.boudet/Documents/Projects/langs/dig2/unreal/horror/Content/StarterContent/Textures/T_Tech_Panel_N.uasset" 476
"../../../../Users/oliver.boudet/Documents/Projects/langs/dig2/unreal/horror/Content/StarterContent/Materials/M_Tech_Panel.uasset" 477
"../../../../Users/oliver.boudet/Documents/Projects/langs/dig2/unreal/horror/Content/StarterContent/Materials/M_Water_Lake.uasset" 478
"../../../../Users/oliver.boudet/Documents/Projects/langs/dig2/unreal/horror/Content/StarterContent/Textures/T_Water_M.uasset" 479
"../../../../Users/oliver.boudet/Documents/Projects/langs/dig2/unreal/horror/Content/StarterContent/Materials/M_Water_Ocean.uasset" 480
"../../../../Users/oliver.boudet/Documents/Projects/langs/dig2/unreal/horror/Content/StarterContent/Textures/T_Wood_Floor_Walnut_D.uasset" 481
"../../../../Users/oliver.boudet/Documents/Projects/langs/dig2/unreal/horror/Content/StarterContent/Textures/T_Wood_Floor_Walnut_M.uasset" 482
"../../../../Users/oliver.boudet/Documents/Projects/langs/dig2/unreal/horror/Content/StarterContent/Textures/T_Wood_Floor_Walnut_N.uasset" 483
"../../../../Users/oliver.boudet/Documents/Projects/langs/dig2/unreal/horror/Content/StarterContent/Materials/M_Wood_Floor_Walnut_Polished.uasset" 484
"../../../Engine/Content/Functions/Engine_MaterialFunctions01/Opacity/AlphaOffset.uasset" 485
"../../../../Users/oliver.boudet/Documents/Projects/langs/dig2/unreal/horror/Content/StarterContent/Materials/M_Wood_Floor_Walnut_Worn.uasset" 486
"../../../../Users/oliver.boudet/Documents/Projects/langs/dig2/unreal/horror/Content/StarterContent/Textures/T_Wood_Oak_D.uasset" 487
"../../../../Users/oliver.boudet/Documents/Projects/langs/dig2/unreal/horror/Content/StarterContent/Textures/T_Wood_Oak_N.uasset" 488
"../../../../Users/oliver.boudet/Documents/Projects/langs/dig2/unreal/horror/Content/StarterContent/Materials/M_Wood_Oak.uasset" 489
"../../../../Users/oliver.boudet/Documents/Projects/langs/dig2/unreal/horror/Content/StarterContent/Textures/T_Wood_Pine_D.uasset" 490
"../../../../Users/oliver.boudet/Documents/Projects/langs/dig2/unreal/horror/Content/StarterContent/Textures/T_Wood_Pine_N.uasset" 491
"../../../../Users/oliver.boudet/Documents/Projects/langs/dig2/unreal/horror/Content/StarterContent/Materials/M_Wood_Pine.uasset" 492
"../../../../Users/oliver.boudet/Documents/Projects/langs/dig2/unreal/horror/Content/StarterContent/Textures/T_Wood_Walnut_D.uasset" 493
"../../../../Users/oliver.boudet/Documents/Projects/langs/dig2/unreal/horror/Content/StarterContent/Textures/T_Wood_Walnut_N.uasset" 494
"../../../../Users/oliver.boudet/Documents/Projects/langs/dig2/unreal/horror/Content/StarterContent/Materials/M_Wood_Walnut.uasset" 495
"../../../../Users/oliver.boudet/Documents/Projects/langs/dig2/unreal/horror/Content/StarterContent/Architecture/Wall_400x200.uasset" 496
"../../../../Users/oliver.boudet/Documents/Projects/langs/dig2/unreal/horror/Content/StarterContent/Architecture/Wall_Door_400x300.uasset" 497
"../../../../Users/oliver.boudet/Documents/Projects/langs/dig2/unreal/horror/Content/StarterContent/Architecture/Wall_Window_400x300.uasset" 498
"../../../../Users/oliver.boudet/Documents/Projects/langs/dig2/unreal/horror/Content/StarterContent/Audio/Collapse_Cue.uasset" 499
"../../../../Users/oliver.boudet/Documents/Projects/langs/dig2/unreal/horror/Content/StarterContent/Audio/Starter_Music_Cue.uasset" 500
"../../../../Users/oliver.boudet/Documents/Projects/langs/dig2/unreal/horror/Content/StarterContent/Textures/T_Dust_Particle_D.uasset" 501
"../../../../Users/oliver.boudet/Documents/Projects/langs/dig2/unreal/horror/Content/StarterContent/Particles/Materials/M_Dust_Particle.uasset" 502
"../../../../Users/oliver.boudet/Documents/Projects/langs/dig2/unreal/horror/Content/StarterContent/Particles/P_Ambient_Dust.uasset" 503
"../../../../Users/oliver.boudet/Documents/Projects/langs/dig2/unreal/horror/Content/StarterContent/Props/MaterialSphere.uasset" 504
"../../../../Users/oliver.boudet/Documents/Projects/langs/dig2/unreal/horror/Content/StarterContent/Textures/T_Frame_M.uasset" 505
"../../../../Users/oliver.boudet/Documents/Projects/langs/dig2/unreal/horror/Content/StarterContent/Textures/T_Frame_N.uasset" 506
"../../../../Users/oliver.boudet/Documents/Projects/langs/dig2/unreal/horror/Content/StarterContent/Props/Materials/M_Frame.uasset" 507
"../../../../Users/oliver.boudet/Documents/Projects/langs/dig2/unreal/horror/Content/StarterContent/Props/SM_CornerFrame.uasset" 508
"../../../../Users/oliver.boudet/Documents/Projects/langs/dig2/unreal/horror/Content/StarterContent/Props/SM_DoorFrame.uasset" 509
"../../../../Users/oliver.boudet/Documents/Projects/langs/dig2/unreal/horror/Content/StarterContent/Props/SM_GlassWindow.uasset" 510
"../../../../Users/oliver.boudet/Documents/Projects/langs/dig2/unreal/horror/Content/StarterContent/Props/SM_PillarFrame.uasset" 511
"../../../../Users/oliver.boudet/Documents/Projects/langs/dig2/unreal/horror/Content/StarterContent/Props/SM_PillarFrame300.uasset" 512
"../../../../Users/oliver.boudet/Documents/Projects/langs/dig2/unreal/horror/Content/StarterContent/Props/SM_WindowFrame.uasset" 513
"../../../../Users/oliver.boudet/Documents/Projects/langs/dig2/unreal/horror/Content/StarterContent/Shapes/Shape_Cube.uasset" 514
"../../../../Users/oliver.boudet/Documents/Projects/langs/dig2/unreal/horror/Content/StarterContent/Shapes/Shape_QuadPyramid.uasset" 515
"../../../../Users/oliver.boudet/Documents/Projects/langs/dig2/unreal/horror/Content/StarterContent/Shapes/Shape_Sphere.uasset" 516
"../../../../Users/oliver.boudet/Documents/Projects/langs/dig2/unreal/horror/Content/StarterContent/Maps/StarterMap.umap" 517
"../../../../Users/oliver.boudet/Documents/Projects/langs/dig2/unreal/horror/Content/ThirdPersonBP/Blueprints/Loader.uasset" 518
"../../../../Users/oliver.boudet/Documents/Projects/langs/dig2/unreal/horror/Content/Widgets/GameOver.uasset" 519
"../../../../Users/oliver.boudet/Documents/Projects/langs/dig2/unreal/horror/Content/ThirdPersonBP/Maps/GameOver.umap" 520
"../../../../Users/oliver.boudet/Documents/Projects/langs/dig2/unreal/horror/Content/Material/Textures/Food/MinorPickup_Diffuse.uasset" 521
"../../../../Users/oliver.boudet/Documents/Projects/langs/dig2/unreal/horror/Content/Material/Textures/Food/MinorPickup_Emmisive.uasset" 522
"../../../../Users/oliver.boudet/Documents/Projects/langs/dig2/unreal/horror/Content/Material/Textures/Food/MinorPickup_Diffuse_Mat.uasset" 523
"../../../Engine/Content/BasicShapes/Cube.uasset" 524
"../../../../Users/oliver.boudet/Documents/Projects/langs/dig2/unreal/horror/Content/ThirdPersonBP/Blueprints/MinorHunger.uasset" 525
"../../../../Users/oliver.boudet/Documents/Projects/langs/dig2/unreal/horror/Content/ThirdPersonBP/Maps/Horror_BuiltData.uasset" 526
"../../../Engine/Content/BasicShapes/BasicShapeMaterial.uasset" 527
"../../../Engine/Content/EngineMaterials/DefaultPhysicalMaterial.uasset" 528
"../../../../Users/oliver.boudet/Documents/Projects/langs/dig2/unreal/horror/Content/Geometry/Meshes/CubeMaterial.uasset" 529
"../../../../Users/oliver.boudet/Documents/Projects/langs/dig2/unreal/horror/Content/Geometry/Meshes/1M_Cube.uasset" 530
"../../../../Users/oliver.boudet/Documents/Projects/langs/dig2/unreal/horror/Content/Geometry/Meshes/1M_Cube_Chamfer.uasset" 531
"../../../../Users/oliver.boudet/Documents/Projects/langs/dig2/unreal/horror/Content/Geometry/Meshes/TemplateFloor.uasset" 532
"../../../../Users/oliver.boudet/Documents/Projects/langs/dig2/unreal/horror/Content/Models/SpaceShip_Cube.uasset" 533
"../../../../Users/oliver.boudet/Documents/Projects/langs/dig2/unreal/horror/Content/Models/Material.uasset" 534
"../../../../Users/oliver.boudet/Documents/Projects/langs/dig2/unreal/horror/Content/Models/SpaceShip_Cube_001.uasset" 535
"../../../../Users/oliver.boudet/Documents/Projects/langs/dig2/unreal/horror/Content/Models/SpaceShip_Cube_002.uasset" 536
"../../../../Users/oliver.boudet/Documents/Projects/langs/dig2/unreal/horror/Content/Models/SpaceShip_Cube_003.uasset" 537
"../../../../Users/oliver.boudet/Documents/Projects/langs/dig2/unreal/horror/Content/Models/SpaceShip_Cube_004.uasset" 538
"../../../../Users/oliver.boudet/Documents/Projects/langs/dig2/unreal/horror/Content/ThirdPerson/Meshes/RampMaterial.uasset" 539
"../../../../Users/oliver.boudet/Documents/Projects/langs/dig2/unreal/horror/Content/ThirdPerson/Meshes/Bump_StaticMesh.uasset" 540
"../../../../Users/oliver.boudet/Documents/Projects/langs/dig2/unreal/horror/Content/ThirdPerson/Meshes/LeftArm_StaticMesh.uasset" 541
"../../../../Users/oliver.boudet/Documents/Projects/langs/dig2/unreal/horror/Content/ThirdPerson/Meshes/Linear_Stair_StaticMesh.uasset" 542
"../../../../Users/oliver.boudet/Documents/Projects/langs/dig2/unreal/horror/Content/ThirdPerson/Meshes/Ramp_StaticMesh.uasset" 543
"../../../../Users/oliver.boudet/Documents/Projects/langs/dig2/unreal/horror/Content/ThirdPerson/Meshes/RightArm_StaticMesh.uasset" 544
"../../../../Users/oliver.boudet/Documents/Projects/langs/dig2/unreal/horror/Content/ThirdPersonBP/Maps/Horror.umap" 545
"../../../../Users/oliver.boudet/Documents/Projects/langs/dig2/unreal/horror/Content/Material/MenuBackground.uasset" 546
"../../../../Users/oliver.boudet/Documents/Projects/langs/dig2/unreal/horror/Content/Material/Start.uasset" 547
"../../../../Users/oliver.boudet/Documents/Projects/langs/dig2/unreal/horror/Content/Widgets/Menu.uasset" 548
"../../../../Users/oliver.boudet/Documents/Projects/langs/dig2/unreal/horror/Content/ThirdPersonBP/Maps/MainMenu.umap" 549
"../../../Engine/Content/Maps/Entry_BuiltData.uasset" 550
"../../../Engine/Content/Maps/Entry.umap" 551
